# JRE version: OpenJDK Runtime Environment (17.0.6) (build 17.0.6+0-b2043.56-10027231)
# Java VM: OpenJDK 64-Bit Server VM (17.0.6+0-b2043.56-10027231, mixed mode, tiered, compressed oops, compressed class ptrs, g1 gc, windows-amd64)
GC Precious Log:
 CPUs: 4 total, 4 available
 Memory: 8077M
 Large Page Support: Disabled
 NUMA Support: Disabled
 Compressed Oops: Enabled (Zero based)
 Heap Region Size: 2M
 Heap Min Capacity: 8M
 Heap Initial Capacity: 128M
 Heap Max Capacity: 4G
 Pre-touch: Disabled
 Parallel Workers: 4
 Concurrent Workers: 1
 Concurrent Refinement Workers: 4
 Periodic GC: Disabled
Heap:
 garbage-first heap   total 229376K, used 143020K [0x0000000700000000, 0x0000000800000000)
  region size 2048K, 3 young (6144K), 3 survivors (6144K)
 Metaspace       used 109622K, committed 110784K, reserved 1146880K
  class space    used 14623K, committed 15168K, reserved 1048576K
GC Heap History (20 events):
Event: 57.613 GC heap after
{Heap after GC invocations=55 (full 0):
 garbage-first heap   total 188416K, used 108753K [0x0000000700000000, 0x0000000800000000)
  region size 2048K, 3 young (6144K), 3 survivors (6144K)
 Metaspace       used 100054K, committed 100928K, reserved 1138688K
  class space    used 13729K, committed 14080K, reserved 1048576K
}
Event: 80.397 GC heap before
{Heap before GC invocations=55 (full 0):
 garbage-first heap   total 188416K, used 147665K [0x0000000700000000, 0x0000000800000000)
  region size 2048K, 23 young (47104K), 3 survivors (6144K)
 Metaspace       used 105553K, committed 106432K, reserved 1146880K
  class space    used 14357K, committed 14720K, reserved 1048576K
}
Event: 80.419 GC heap after
{Heap after GC invocations=56 (full 0):
 garbage-first heap   total 188416K, used 114401K [0x0000000700000000, 0x0000000800000000)
  region size 2048K, 3 young (6144K), 3 survivors (6144K)
 Metaspace       used 105553K, committed 106432K, reserved 1146880K
  class space    used 14357K, committed 14720K, reserved 1048576K
}
Event: 123.589 GC heap before
{Heap before GC invocations=57 (full 0):
 garbage-first heap   total 212992K, used 147169K [0x0000000700000000, 0x0000000800000000)
  region size 2048K, 20 young (40960K), 3 survivors (6144K)
 Metaspace       used 107558K, committed 108480K, reserved 1146880K
  class space    used 14494K, committed 14912K, reserved 1048576K
}
Event: 123.605 GC heap after
{Heap after GC invocations=58 (full 0):
 garbage-first heap   total 212992K, used 117541K [0x0000000700000000, 0x0000000800000000)
  region size 2048K, 2 young (4096K), 2 survivors (4096K)
 Metaspace       used 107558K, committed 108480K, reserved 1146880K
  class space    used 14494K, committed 14912K, reserved 1048576K
}
Event: 123.826 GC heap before
{Heap before GC invocations=58 (full 0):
 garbage-first heap   total 212992K, used 121637K [0x0000000700000000, 0x0000000800000000)
  region size 2048K, 5 young (10240K), 2 survivors (4096K)
 Metaspace       used 107579K, committed 108544K, reserved 1146880K
  class space    used 14494K, committed 14912K, reserved 1048576K
}
Event: 123.837 GC heap after
{Heap after GC invocations=59 (full 0):
 garbage-first heap   total 212992K, used 117228K [0x0000000700000000, 0x0000000800000000)
  region size 2048K, 1 young (2048K), 1 survivors (2048K)
 Metaspace       used 107579K, committed 108544K, reserved 1146880K
  class space    used 14494K, committed 14912K, reserved 1048576K
}
Event: 127.381 GC heap before
{Heap before GC invocations=59 (full 0):
 garbage-first heap   total 212992K, used 172524K [0x0000000700000000, 0x0000000800000000)
  region size 2048K, 28 young (57344K), 1 survivors (2048K)
 Metaspace       used 108227K, committed 109248K, reserved 1146880K
  class space    used 14524K, committed 14976K, reserved 1048576K
}
Event: 127.407 GC heap after
{Heap after GC invocations=60 (full 0):
 garbage-first heap   total 212992K, used 127630K [0x0000000700000000, 0x0000000800000000)
  region size 2048K, 4 young (8192K), 4 survivors (8192K)
 Metaspace       used 108227K, committed 109248K, reserved 1146880K
  class space    used 14524K, committed 14976K, reserved 1048576K
}
Event: 250.564 GC heap before
{Heap before GC invocations=61 (full 0):
 garbage-first heap   total 223232K, used 170638K [0x0000000700000000, 0x0000000800000000)
  region size 2048K, 25 young (51200K), 4 survivors (8192K)
 Metaspace       used 108687K, committed 109760K, reserved 1146880K
  class space    used 14548K, committed 15040K, reserved 1048576K
}
Event: 250.591 GC heap after
{Heap after GC invocations=62 (full 0):
 garbage-first heap   total 223232K, used 133863K [0x0000000700000000, 0x0000000800000000)
  region size 2048K, 3 young (6144K), 3 survivors (6144K)
 Metaspace       used 108687K, committed 109760K, reserved 1146880K
  class space    used 14548K, committed 15040K, reserved 1048576K
}
Event: 251.030 GC heap before
{Heap before GC invocations=62 (full 0):
 garbage-first heap   total 223232K, used 137959K [0x0000000700000000, 0x0000000800000000)
  region size 2048K, 5 young (10240K), 3 survivors (6144K)
 Metaspace       used 108707K, committed 109760K, reserved 1146880K
  class space    used 14548K, committed 15040K, reserved 1048576K
}
Event: 251.058 GC heap after
{Heap after GC invocations=63 (full 0):
 garbage-first heap   total 223232K, used 122914K [0x0000000700000000, 0x0000000800000000)
  region size 2048K, 1 young (2048K), 1 survivors (2048K)
 Metaspace       used 108707K, committed 109760K, reserved 1146880K
  class space    used 14548K, committed 15040K, reserved 1048576K
}
Event: 254.451 GC heap before
{Heap before GC invocations=63 (full 0):
 garbage-first heap   total 223232K, used 174114K [0x0000000700000000, 0x0000000800000000)
  region size 2048K, 26 young (53248K), 1 survivors (2048K)
 Metaspace       used 108945K, committed 110016K, reserved 1146880K
  class space    used 14557K, committed 15040K, reserved 1048576K
}
Event: 254.467 GC heap after
{Heap after GC invocations=64 (full 0):
 garbage-first heap   total 223232K, used 128635K [0x0000000700000000, 0x0000000800000000)
  region size 2048K, 4 young (8192K), 4 survivors (8192K)
 Metaspace       used 108945K, committed 110016K, reserved 1146880K
  class space    used 14557K, committed 15040K, reserved 1048576K
}
Event: 330.450 GC heap before
{Heap before GC invocations=65 (full 0):
 garbage-first heap   total 229376K, used 173691K [0x0000000700000000, 0x0000000800000000)
  region size 2048K, 27 young (55296K), 4 survivors (8192K)
 Metaspace       used 109390K, committed 110464K, reserved 1146880K
  class space    used 14606K, committed 15104K, reserved 1048576K
}
Event: 330.480 GC heap after
{Heap after GC invocations=66 (full 0):
 garbage-first heap   total 229376K, used 137725K [0x0000000700000000, 0x0000000800000000)
  region size 2048K, 4 young (8192K), 4 survivors (8192K)
 Metaspace       used 109390K, committed 110464K, reserved 1146880K
  class space    used 14606K, committed 15104K, reserved 1048576K
}
Event: 330.490 GC heap before
{Heap before GC invocations=66 (full 0):
 garbage-first heap   total 229376K, used 139773K [0x0000000700000000, 0x0000000800000000)
  region size 2048K, 5 young (10240K), 4 survivors (8192K)
 Metaspace       used 109390K, committed 110464K, reserved 1146880K
  class space    used 14606K, committed 15104K, reserved 1048576K
}
Event: 330.522 GC heap after
{Heap after GC invocations=67 (full 0):
 garbage-first heap   total 229376K, used 137157K [0x0000000700000000, 0x0000000800000000)
  region size 2048K, 1 young (2048K), 1 survivors (2048K)
 Metaspace       used 109390K, committed 110464K, reserved 1146880K
  class space    used 14606K, committed 15104K, reserved 1048576K
}
Event: 332.817 GC heap before
{Heap before GC invocations=67 (full 0):
 garbage-first heap   total 229376K, used 180165K [0x0000000700000000, 0x0000000800000000)
  region size 2048K, 22 young (45056K), 1 survivors (2048K)
 Metaspace       used 109622K, committed 110784K, reserved 1146880K
  class space    used 14623K, committed 15168K, reserved 1048576K
}

