# JRE version: OpenJDK Runtime Environment (17.0.6) (build 17.0.6+0-b2043.56-10027231)
# Java VM: OpenJDK 64-Bit Server VM (17.0.6+0-b2043.56-10027231, mixed mode, tiered, compressed oops, compressed class ptrs, g1 gc, windows-amd64)
GC Precious Log:
 CPUs: 4 total, 4 available
 Memory: 8077M
 Large Page Support: Disabled
 NUMA Support: Disabled
 Compressed Oops: Enabled (Zero based)
 Heap Region Size: 2M
 Heap Min Capacity: 8M
 Heap Initial Capacity: 128M
 Heap Max Capacity: 4G
 Pre-touch: Disabled
 Parallel Workers: 4
 Concurrent Workers: 1
 Concurrent Refinement Workers: 4
 Periodic GC: Disabled
Heap:
 garbage-first heap   total 71680K, used 40773K [0x0000000700000000, 0x0000000800000000)
  region size 2048K, 4 young (8192K), 2 survivors (4096K)
 Metaspace       used 62260K, committed 62784K, reserved 1105920K
  class space    used 8544K, committed 8768K, reserved 1048576K
GC Heap History (20 events):
Event: 20.759 GC heap before
{Heap before GC invocations=10 (full 0):
 garbage-first heap   total 69632K, used 53058K [0x0000000700000000, 0x0000000800000000)
  region size 2048K, 15 young (30720K), 2 survivors (4096K)
 Metaspace       used 41281K, committed 41664K, reserved 1089536K
  class space    used 5358K, committed 5504K, reserved 1048576K
}
Event: 20.772 GC heap after
{Heap after GC invocations=11 (full 0):
 garbage-first heap   total 69632K, used 29219K [0x0000000700000000, 0x0000000800000000)
  region size 2048K, 2 young (4096K), 2 survivors (4096K)
 Metaspace       used 41281K, committed 41664K, reserved 1089536K
  class space    used 5358K, committed 5504K, reserved 1048576K
}
Event: 22.096 GC heap before
{Heap before GC invocations=11 (full 0):
 garbage-first heap   total 69632K, used 51747K [0x0000000700000000, 0x0000000800000000)
  region size 2048K, 13 young (26624K), 2 survivors (4096K)
 Metaspace       used 42737K, committed 43200K, reserved 1089536K
  class space    used 5609K, committed 5824K, reserved 1048576K
}
Event: 22.103 GC heap after
{Heap after GC invocations=12 (full 0):
 garbage-first heap   total 69632K, used 30157K [0x0000000700000000, 0x0000000800000000)
  region size 2048K, 1 young (2048K), 1 survivors (2048K)
 Metaspace       used 42737K, committed 43200K, reserved 1089536K
  class space    used 5609K, committed 5824K, reserved 1048576K
}
Event: 23.375 GC heap before
{Heap before GC invocations=12 (full 0):
 garbage-first heap   total 69632K, used 50637K [0x0000000700000000, 0x0000000800000000)
  region size 2048K, 12 young (24576K), 1 survivors (2048K)
 Metaspace       used 45376K, committed 45760K, reserved 1089536K
  class space    used 5950K, committed 6144K, reserved 1048576K
}
Event: 23.383 GC heap after
{Heap after GC invocations=13 (full 0):
 garbage-first heap   total 69632K, used 31410K [0x0000000700000000, 0x0000000800000000)
  region size 2048K, 2 young (4096K), 2 survivors (4096K)
 Metaspace       used 45376K, committed 45760K, reserved 1089536K
  class space    used 5950K, committed 6144K, reserved 1048576K
}
Event: 25.033 GC heap before
{Heap before GC invocations=13 (full 0):
 garbage-first heap   total 69632K, used 51890K [0x0000000700000000, 0x0000000800000000)
  region size 2048K, 12 young (24576K), 2 survivors (4096K)
 Metaspace       used 47923K, committed 48384K, reserved 1097728K
  class space    used 6362K, committed 6592K, reserved 1048576K
}
Event: 25.040 GC heap after
{Heap after GC invocations=14 (full 0):
 garbage-first heap   total 69632K, used 32595K [0x0000000700000000, 0x0000000800000000)
  region size 2048K, 2 young (4096K), 2 survivors (4096K)
 Metaspace       used 47923K, committed 48384K, reserved 1097728K
  class space    used 6362K, committed 6592K, reserved 1048576K
}
Event: 26.490 GC heap before
{Heap before GC invocations=14 (full 0):
 garbage-first heap   total 69632K, used 53075K [0x0000000700000000, 0x0000000800000000)
  region size 2048K, 12 young (24576K), 2 survivors (4096K)
 Metaspace       used 51287K, committed 51776K, reserved 1097728K
  class space    used 6884K, committed 7104K, reserved 1048576K
}
Event: 26.498 GC heap after
{Heap after GC invocations=15 (full 0):
 garbage-first heap   total 69632K, used 33946K [0x0000000700000000, 0x0000000800000000)
  region size 2048K, 2 young (4096K), 2 survivors (4096K)
 Metaspace       used 51287K, committed 51776K, reserved 1097728K
  class space    used 6884K, committed 7104K, reserved 1048576K
}
Event: 27.743 GC heap before
{Heap before GC invocations=15 (full 0):
 garbage-first heap   total 69632K, used 52378K [0x0000000700000000, 0x0000000800000000)
  region size 2048K, 11 young (22528K), 2 survivors (4096K)
 Metaspace       used 53121K, committed 53632K, reserved 1097728K
  class space    used 7152K, committed 7360K, reserved 1048576K
}
Event: 27.751 GC heap after
{Heap after GC invocations=16 (full 0):
 garbage-first heap   total 69632K, used 35198K [0x0000000700000000, 0x0000000800000000)
  region size 2048K, 2 young (4096K), 2 survivors (4096K)
 Metaspace       used 53121K, committed 53632K, reserved 1097728K
  class space    used 7152K, committed 7360K, reserved 1048576K
}
Event: 28.586 GC heap before
{Heap before GC invocations=17 (full 0):
 garbage-first heap   total 69632K, used 53630K [0x0000000700000000, 0x0000000800000000)
  region size 2048K, 11 young (22528K), 2 survivors (4096K)
 Metaspace       used 55547K, committed 56000K, reserved 1097728K
  class space    used 7504K, committed 7680K, reserved 1048576K
}
Event: 28.593 GC heap after
{Heap after GC invocations=18 (full 0):
 garbage-first heap   total 69632K, used 35776K [0x0000000700000000, 0x0000000800000000)
  region size 2048K, 1 young (2048K), 1 survivors (2048K)
 Metaspace       used 55547K, committed 56000K, reserved 1097728K
  class space    used 7504K, committed 7680K, reserved 1048576K
}
Event: 29.929 GC heap before
{Heap before GC invocations=18 (full 0):
 garbage-first heap   total 69632K, used 54208K [0x0000000700000000, 0x0000000800000000)
  region size 2048K, 11 young (22528K), 1 survivors (2048K)
 Metaspace       used 57868K, committed 58304K, reserved 1105920K
  class space    used 7830K, committed 8000K, reserved 1048576K
}
Event: 29.935 GC heap after
{Heap after GC invocations=19 (full 0):
 garbage-first heap   total 69632K, used 36461K [0x0000000700000000, 0x0000000800000000)
  region size 2048K, 2 young (4096K), 2 survivors (4096K)
 Metaspace       used 57868K, committed 58304K, reserved 1105920K
  class space    used 7830K, committed 8000K, reserved 1048576K
}
Event: 30.806 GC heap before
{Heap before GC invocations=20 (full 0):
 garbage-first heap   total 71680K, used 54893K [0x0000000700000000, 0x0000000800000000)
  region size 2048K, 11 young (22528K), 2 survivors (4096K)
 Metaspace       used 60272K, committed 60800K, reserved 1105920K
  class space    used 8198K, committed 8448K, reserved 1048576K
}
Event: 30.813 GC heap after
{Heap after GC invocations=21 (full 0):
 garbage-first heap   total 71680K, used 37446K [0x0000000700000000, 0x0000000800000000)
  region size 2048K, 2 young (4096K), 2 survivors (4096K)
 Metaspace       used 60272K, committed 60800K, reserved 1105920K
  class space    used 8198K, committed 8448K, reserved 1048576K
}
Event: 31.906 GC heap before
{Heap before GC invocations=21 (full 0):
 garbage-first heap   total 71680K, used 55878K [0x0000000700000000, 0x0000000800000000)
  region size 2048K, 11 young (22528K), 2 survivors (4096K)
 Metaspace       used 62025K, committed 62528K, reserved 1105920K
  class space    used 8484K, committed 8704K, reserved 1048576K
}
Event: 31.913 GC heap after
{Heap after GC invocations=22 (full 0):
 garbage-first heap   total 71680K, used 38725K [0x0000000700000000, 0x0000000800000000)
  region size 2048K, 2 young (4096K), 2 survivors (4096K)
 Metaspace       used 62025K, committed 62528K, reserved 1105920K
  class space    used 8484K, committed 8704K, reserved 1048576K
}

