# JRE version: OpenJDK Runtime Environment (17.0.6) (build 17.0.6+0-b2043.56-10027231)
# Java VM: OpenJDK 64-Bit Server VM (17.0.6+0-b2043.56-10027231, mixed mode, tiered, compressed oops, compressed class ptrs, g1 gc, windows-amd64)
GC Precious Log:
 CPUs: 4 total, 4 available
 Memory: 8077M
 Large Page Support: Disabled
 NUMA Support: Disabled
 Compressed Oops: Enabled (Zero based)
 Heap Region Size: 2M
 Heap Min Capacity: 8M
 Heap Initial Capacity: 128M
 Heap Max Capacity: 4G
 Pre-touch: Disabled
 Parallel Workers: 4
 Concurrent Workers: 1
 Concurrent Refinement Workers: 4
 Periodic GC: Disabled
Heap:
 garbage-first heap   total 167936K, used 103348K [0x0000000700000000, 0x0000000800000000)
  region size 2048K, 8 young (16384K), 3 survivors (6144K)
 Metaspace       used 98901K, committed 99648K, reserved 1138688K
  class space    used 13511K, committed 13888K, reserved 1048576K
GC Heap History (20 events):
Event: 45.854 GC heap before
{Heap before GC invocations=45 (full 0):
 garbage-first heap   total 131072K, used 102344K [0x0000000700000000, 0x0000000800000000)
  region size 2048K, 17 young (34816K), 2 survivors (4096K)
 Metaspace       used 80641K, committed 81280K, reserved 1122304K
  class space    used 10833K, committed 11136K, reserved 1048576K
}
Event: 45.867 GC heap after
{Heap after GC invocations=46 (full 0):
 garbage-first heap   total 131072K, used 74445K [0x0000000700000000, 0x0000000800000000)
  region size 2048K, 3 young (6144K), 3 survivors (6144K)
 Metaspace       used 80641K, committed 81280K, reserved 1122304K
  class space    used 10833K, committed 11136K, reserved 1048576K
}
Event: 47.084 GC heap before
{Heap before GC invocations=47 (full 0):
 garbage-first heap   total 131072K, used 105165K [0x0000000700000000, 0x0000000800000000)
  region size 2048K, 18 young (36864K), 3 survivors (6144K)
 Metaspace       used 80826K, committed 81408K, reserved 1122304K
  class space    used 10862K, committed 11136K, reserved 1048576K
}
Event: 47.096 GC heap after
{Heap after GC invocations=48 (full 0):
 garbage-first heap   total 131072K, used 76008K [0x0000000700000000, 0x0000000800000000)
  region size 2048K, 3 young (6144K), 3 survivors (6144K)
 Metaspace       used 80826K, committed 81408K, reserved 1122304K
  class space    used 10862K, committed 11136K, reserved 1048576K
}
Event: 48.240 GC heap before
{Heap before GC invocations=48 (full 0):
 garbage-first heap   total 131072K, used 104680K [0x0000000700000000, 0x0000000800000000)
  region size 2048K, 17 young (34816K), 3 survivors (6144K)
 Metaspace       used 81226K, committed 81856K, reserved 1122304K
  class space    used 10903K, committed 11200K, reserved 1048576K
}
Event: 48.253 GC heap after
{Heap after GC invocations=49 (full 0):
 garbage-first heap   total 131072K, used 78802K [0x0000000700000000, 0x0000000800000000)
  region size 2048K, 3 young (6144K), 3 survivors (6144K)
 Metaspace       used 81226K, committed 81856K, reserved 1122304K
  class space    used 10903K, committed 11200K, reserved 1048576K
}
Event: 50.071 GC heap before
{Heap before GC invocations=50 (full 0):
 garbage-first heap   total 143360K, used 105426K [0x0000000700000000, 0x0000000800000000)
  region size 2048K, 16 young (32768K), 3 survivors (6144K)
 Metaspace       used 83763K, committed 84480K, reserved 1122304K
  class space    used 11289K, committed 11584K, reserved 1048576K
}
Event: 50.082 GC heap after
{Heap after GC invocations=51 (full 0):
 garbage-first heap   total 143360K, used 80395K [0x0000000700000000, 0x0000000800000000)
  region size 2048K, 1 young (2048K), 1 survivors (2048K)
 Metaspace       used 83763K, committed 84480K, reserved 1122304K
  class space    used 11289K, committed 11584K, reserved 1048576K
}
Event: 52.346 GC heap before
{Heap before GC invocations=51 (full 0):
 garbage-first heap   total 143360K, used 117259K [0x0000000700000000, 0x0000000800000000)
  region size 2048K, 19 young (38912K), 1 survivors (2048K)
 Metaspace       used 87541K, committed 88256K, reserved 1130496K
  class space    used 11968K, committed 12288K, reserved 1048576K
}
Event: 52.356 GC heap after
{Heap after GC invocations=52 (full 0):
 garbage-first heap   total 143360K, used 82575K [0x0000000700000000, 0x0000000800000000)
  region size 2048K, 2 young (4096K), 2 survivors (4096K)
 Metaspace       used 87541K, committed 88256K, reserved 1130496K
  class space    used 11968K, committed 12288K, reserved 1048576K
}
Event: 54.424 GC heap before
{Heap before GC invocations=53 (full 0):
 garbage-first heap   total 147456K, used 115343K [0x0000000700000000, 0x0000000800000000)
  region size 2048K, 18 young (36864K), 2 survivors (4096K)
 Metaspace       used 88467K, committed 89152K, reserved 1130496K
  class space    used 12102K, committed 12416K, reserved 1048576K
}
Event: 54.439 GC heap after
{Heap after GC invocations=54 (full 0):
 garbage-first heap   total 147456K, used 86345K [0x0000000700000000, 0x0000000800000000)
  region size 2048K, 3 young (6144K), 3 survivors (6144K)
 Metaspace       used 88467K, committed 89152K, reserved 1130496K
  class space    used 12102K, committed 12416K, reserved 1048576K
}
Event: 54.529 GC heap before
{Heap before GC invocations=54 (full 0):
 garbage-first heap   total 147456K, used 88393K [0x0000000700000000, 0x0000000800000000)
  region size 2048K, 4 young (8192K), 3 survivors (6144K)
 Metaspace       used 88501K, committed 89152K, reserved 1130496K
  class space    used 12109K, committed 12416K, reserved 1048576K
}
Event: 54.542 GC heap after
{Heap after GC invocations=55 (full 0):
 garbage-first heap   total 147456K, used 85617K [0x0000000700000000, 0x0000000800000000)
  region size 2048K, 1 young (2048K), 1 survivors (2048K)
 Metaspace       used 88501K, committed 89152K, reserved 1130496K
  class space    used 12109K, committed 12416K, reserved 1048576K
}
Event: 57.315 GC heap before
{Heap before GC invocations=55 (full 0):
 garbage-first heap   total 147456K, used 118385K [0x0000000700000000, 0x0000000800000000)
  region size 2048K, 17 young (34816K), 1 survivors (2048K)
 Metaspace       used 91749K, committed 92544K, reserved 1130496K
  class space    used 12620K, committed 12992K, reserved 1048576K
}
Event: 57.323 GC heap after
{Heap after GC invocations=56 (full 0):
 garbage-first heap   total 147456K, used 87273K [0x0000000700000000, 0x0000000800000000)
  region size 2048K, 2 young (4096K), 2 survivors (4096K)
 Metaspace       used 91749K, committed 92544K, reserved 1130496K
  class space    used 12620K, committed 12992K, reserved 1048576K
}
Event: 61.003 GC heap before
{Heap before GC invocations=57 (full 0):
 garbage-first heap   total 157696K, used 117993K [0x0000000700000000, 0x0000000800000000)
  region size 2048K, 17 young (34816K), 2 survivors (4096K)
 Metaspace       used 95304K, committed 96000K, reserved 1138688K
  class space    used 13091K, committed 13376K, reserved 1048576K
}
Event: 61.014 GC heap after
{Heap after GC invocations=58 (full 0):
 garbage-first heap   total 157696K, used 89600K [0x0000000700000000, 0x0000000800000000)
  region size 2048K, 3 young (6144K), 3 survivors (6144K)
 Metaspace       used 95304K, committed 96000K, reserved 1138688K
  class space    used 13091K, committed 13376K, reserved 1048576K
}
Event: 64.488 GC heap before
{Heap before GC invocations=58 (full 0):
 garbage-first heap   total 157696K, used 126464K [0x0000000700000000, 0x0000000800000000)
  region size 2048K, 22 young (45056K), 3 survivors (6144K)
 Metaspace       used 98169K, committed 98944K, reserved 1138688K
  class space    used 13383K, committed 13760K, reserved 1048576K
}
Event: 64.507 GC heap after
{Heap after GC invocations=59 (full 0):
 garbage-first heap   total 157696K, used 95156K [0x0000000700000000, 0x0000000800000000)
  region size 2048K, 3 young (6144K), 3 survivors (6144K)
 Metaspace       used 98169K, committed 98944K, reserved 1138688K
  class space    used 13383K, committed 13760K, reserved 1048576K
}

