# JRE version: OpenJDK Runtime Environment (17.0.6) (build 17.0.6+0-b2043.56-10027231)
# Java VM: OpenJDK 64-Bit Server VM (17.0.6+0-b2043.56-10027231, mixed mode, tiered, compressed oops, compressed class ptrs, g1 gc, windows-amd64)
GC Precious Log:
 CPUs: 4 total, 4 available
 Memory: 8077M
 Large Page Support: Disabled
 NUMA Support: Disabled
 Compressed Oops: Enabled (Zero based)
 Heap Region Size: 2M
 Heap Min Capacity: 8M
 Heap Initial Capacity: 128M
 Heap Max Capacity: 4G
 Pre-touch: Disabled
 Parallel Workers: 4
 Concurrent Workers: 1
 Concurrent Refinement Workers: 4
 Periodic GC: Disabled
Heap:
 garbage-first heap   total 165888K, used 128430K [0x0000000700000000, 0x0000000800000000)
  region size 2048K, 12 young (24576K), 2 survivors (4096K)
 Metaspace       used 103175K, committed 104000K, reserved 1146880K
  class space    used 14088K, committed 14464K, reserved 1048576K
GC Heap History (20 events):
Event: 55.152 GC heap before
{Heap before GC invocations=50 (full 0):
 garbage-first heap   total 137216K, used 111848K [0x0000000700000000, 0x0000000800000000)
  region size 2048K, 20 young (40960K), 3 survivors (6144K)
 Metaspace       used 88124K, committed 88832K, reserved 1130496K
  class space    used 12047K, committed 12352K, reserved 1048576K
}
Event: 55.165 GC heap after
{Heap after GC invocations=51 (full 0):
 garbage-first heap   total 137216K, used 79233K [0x0000000700000000, 0x0000000800000000)
  region size 2048K, 2 young (4096K), 2 survivors (4096K)
 Metaspace       used 88124K, committed 88832K, reserved 1130496K
  class space    used 12047K, committed 12352K, reserved 1048576K
}
Event: 56.862 GC heap before
{Heap before GC invocations=51 (full 0):
 garbage-first heap   total 137216K, used 114049K [0x0000000700000000, 0x0000000800000000)
  region size 2048K, 19 young (38912K), 2 survivors (4096K)
 Metaspace       used 88763K, committed 89536K, reserved 1130496K
  class space    used 12147K, committed 12480K, reserved 1048576K
}
Event: 56.878 GC heap after
{Heap after GC invocations=52 (full 0):
 garbage-first heap   total 137216K, used 83859K [0x0000000700000000, 0x0000000800000000)
  region size 2048K, 3 young (6144K), 3 survivors (6144K)
 Metaspace       used 88763K, committed 89536K, reserved 1130496K
  class space    used 12147K, committed 12480K, reserved 1048576K
}
Event: 59.191 GC heap before
{Heap before GC invocations=52 (full 0):
 garbage-first heap   total 137216K, used 110483K [0x0000000700000000, 0x0000000800000000)
  region size 2048K, 17 young (34816K), 3 survivors (6144K)
 Metaspace       used 90211K, committed 90944K, reserved 1130496K
  class space    used 12321K, committed 12672K, reserved 1048576K
}
Event: 59.207 GC heap after
{Heap after GC invocations=53 (full 0):
 garbage-first heap   total 137216K, used 88877K [0x0000000700000000, 0x0000000800000000)
  region size 2048K, 3 young (6144K), 3 survivors (6144K)
 Metaspace       used 90211K, committed 90944K, reserved 1130496K
  class space    used 12321K, committed 12672K, reserved 1048576K
}
Event: 60.502 GC heap before
{Heap before GC invocations=53 (full 0):
 garbage-first heap   total 137216K, used 111405K [0x0000000700000000, 0x0000000800000000)
  region size 2048K, 14 young (28672K), 3 survivors (6144K)
 Metaspace       used 91264K, committed 92096K, reserved 1130496K
  class space    used 12512K, committed 12864K, reserved 1048576K
}
Event: 60.514 GC heap after
{Heap after GC invocations=54 (full 0):
 garbage-first heap   total 137216K, used 92813K [0x0000000700000000, 0x0000000800000000)
  region size 2048K, 2 young (4096K), 2 survivors (4096K)
 Metaspace       used 91264K, committed 92096K, reserved 1130496K
  class space    used 12512K, committed 12864K, reserved 1048576K
}
Event: 61.741 GC heap before
{Heap before GC invocations=54 (full 0):
 garbage-first heap   total 137216K, used 111245K [0x0000000700000000, 0x0000000800000000)
  region size 2048K, 12 young (24576K), 2 survivors (4096K)
 Metaspace       used 91835K, committed 92672K, reserved 1130496K
  class space    used 12583K, committed 12928K, reserved 1048576K
}
Event: 61.754 GC heap after
{Heap after GC invocations=55 (full 0):
 garbage-first heap   total 137216K, used 96215K [0x0000000700000000, 0x0000000800000000)
  region size 2048K, 2 young (4096K), 2 survivors (4096K)
 Metaspace       used 91835K, committed 92672K, reserved 1130496K
  class space    used 12583K, committed 12928K, reserved 1048576K
}
Event: 62.414 GC heap before
{Heap before GC invocations=55 (full 0):
 garbage-first heap   total 137216K, used 112599K [0x0000000700000000, 0x0000000800000000)
  region size 2048K, 10 young (20480K), 2 survivors (4096K)
 Metaspace       used 92688K, committed 93440K, reserved 1130496K
  class space    used 12708K, committed 13056K, reserved 1048576K
}
Event: 62.424 GC heap after
{Heap after GC invocations=56 (full 0):
 garbage-first heap   total 137216K, used 98257K [0x0000000700000000, 0x0000000800000000)
  region size 2048K, 2 young (4096K), 2 survivors (4096K)
 Metaspace       used 92688K, committed 93440K, reserved 1130496K
  class space    used 12708K, committed 13056K, reserved 1048576K
}
Event: 63.329 GC heap before
{Heap before GC invocations=56 (full 0):
 garbage-first heap   total 137216K, used 112593K [0x0000000700000000, 0x0000000800000000)
  region size 2048K, 9 young (18432K), 2 survivors (4096K)
 Metaspace       used 94832K, committed 95680K, reserved 1138688K
  class space    used 13072K, committed 13440K, reserved 1048576K
}
Event: 63.337 GC heap after
{Heap after GC invocations=57 (full 0):
 garbage-first heap   total 165888K, used 98520K [0x0000000700000000, 0x0000000800000000)
  region size 2048K, 2 young (4096K), 2 survivors (4096K)
 Metaspace       used 94832K, committed 95680K, reserved 1138688K
  class space    used 13072K, committed 13440K, reserved 1048576K
}
Event: 65.604 GC heap before
{Heap before GC invocations=57 (full 0):
 garbage-first heap   total 165888K, used 133336K [0x0000000700000000, 0x0000000800000000)
  region size 2048K, 19 young (38912K), 2 survivors (4096K)
 Metaspace       used 98357K, committed 99200K, reserved 1138688K
  class space    used 13502K, committed 13888K, reserved 1048576K
}
Event: 65.617 GC heap after
{Heap after GC invocations=58 (full 0):
 garbage-first heap   total 165888K, used 101828K [0x0000000700000000, 0x0000000800000000)
  region size 2048K, 3 young (6144K), 3 survivors (6144K)
 Metaspace       used 98357K, committed 99200K, reserved 1138688K
  class space    used 13502K, committed 13888K, reserved 1048576K
}
Event: 67.510 GC heap before
{Heap before GC invocations=58 (full 0):
 garbage-first heap   total 165888K, used 134596K [0x0000000700000000, 0x0000000800000000)
  region size 2048K, 19 young (38912K), 3 survivors (6144K)
 Metaspace       used 99758K, committed 100544K, reserved 1138688K
  class space    used 13678K, committed 14016K, reserved 1048576K
}
Event: 67.530 GC heap after
{Heap after GC invocations=59 (full 0):
 garbage-first heap   total 165888K, used 106938K [0x0000000700000000, 0x0000000800000000)
  region size 2048K, 3 young (6144K), 3 survivors (6144K)
 Metaspace       used 99758K, committed 100544K, reserved 1138688K
  class space    used 13678K, committed 14016K, reserved 1048576K
}
Event: 68.583 GC heap before
{Heap before GC invocations=59 (full 0):
 garbage-first heap   total 165888K, used 131514K [0x0000000700000000, 0x0000000800000000)
  region size 2048K, 16 young (32768K), 3 survivors (6144K)
 Metaspace       used 100792K, committed 101568K, reserved 1138688K
  class space    used 13797K, committed 14144K, reserved 1048576K
}
Event: 68.598 GC heap after
{Heap after GC invocations=60 (full 0):
 garbage-first heap   total 165888K, used 109998K [0x0000000700000000, 0x0000000800000000)
  region size 2048K, 2 young (4096K), 2 survivors (4096K)
 Metaspace       used 100792K, committed 101568K, reserved 1138688K
  class space    used 13797K, committed 14144K, reserved 1048576K
}

