# JRE version: OpenJDK Runtime Environment (17.0.6) (build 17.0.6+0-b2043.56-10027231)
# Java VM: OpenJDK 64-Bit Server VM (17.0.6+0-b2043.56-10027231, mixed mode, tiered, compressed oops, compressed class ptrs, g1 gc, windows-amd64)
GC Precious Log:
 CPUs: 4 total, 4 available
 Memory: 8077M
 Large Page Support: Disabled
 NUMA Support: Disabled
 Compressed Oops: Enabled (Zero based)
 Heap Region Size: 2M
 Heap Min Capacity: 8M
 Heap Initial Capacity: 128M
 Heap Max Capacity: 4G
 Pre-touch: Disabled
 Parallel Workers: 4
 Concurrent Workers: 1
 Concurrent Refinement Workers: 4
 Periodic GC: Disabled
Heap:
 garbage-first heap   total 137216K, used 89031K [0x0000000700000000, 0x0000000800000000)
  region size 2048K, 8 young (16384K), 3 survivors (6144K)
 Metaspace       used 88662K, committed 89408K, reserved 1130496K
  class space    used 12122K, committed 12416K, reserved 1048576K
GC Heap History (20 events):
Event: 39.197 GC heap before
{Heap before GC invocations=35 (full 0):
 garbage-first heap   total 102400K, used 78048K [0x0000000700000000, 0x0000000800000000)
  region size 2048K, 12 young (24576K), 2 survivors (4096K)
 Metaspace       used 74116K, committed 74752K, reserved 1114112K
  class space    used 9966K, committed 10240K, reserved 1048576K
}
Event: 39.205 GC heap after
{Heap after GC invocations=36 (full 0):
 garbage-first heap   total 102400K, used 63651K [0x0000000700000000, 0x0000000800000000)
  region size 2048K, 2 young (4096K), 2 survivors (4096K)
 Metaspace       used 74116K, committed 74752K, reserved 1114112K
  class space    used 9966K, committed 10240K, reserved 1048576K
}
Event: 39.716 GC heap before
{Heap before GC invocations=37 (full 0):
 garbage-first heap   total 122880K, used 75939K [0x0000000700000000, 0x0000000800000000)
  region size 2048K, 9 young (18432K), 2 survivors (4096K)
 Metaspace       used 74419K, committed 75072K, reserved 1114112K
  class space    used 10027K, committed 10304K, reserved 1048576K
}
Event: 39.725 GC heap after
{Heap after GC invocations=38 (full 0):
 garbage-first heap   total 122880K, used 63563K [0x0000000700000000, 0x0000000800000000)
  region size 2048K, 1 young (2048K), 1 survivors (2048K)
 Metaspace       used 74419K, committed 75072K, reserved 1114112K
  class space    used 10027K, committed 10304K, reserved 1048576K
}
Event: 41.735 GC heap before
{Heap before GC invocations=38 (full 0):
 garbage-first heap   total 122880K, used 94283K [0x0000000700000000, 0x0000000800000000)
  region size 2048K, 16 young (32768K), 1 survivors (2048K)
 Metaspace       used 77104K, committed 77696K, reserved 1122304K
  class space    used 10355K, committed 10624K, reserved 1048576K
}
Event: 41.741 GC heap after
{Heap after GC invocations=39 (full 0):
 garbage-first heap   total 122880K, used 65390K [0x0000000700000000, 0x0000000800000000)
  region size 2048K, 2 young (4096K), 2 survivors (4096K)
 Metaspace       used 77104K, committed 77696K, reserved 1122304K
  class space    used 10355K, committed 10624K, reserved 1048576K
}
Event: 43.629 GC heap before
{Heap before GC invocations=40 (full 0):
 garbage-first heap   total 122880K, used 96110K [0x0000000700000000, 0x0000000800000000)
  region size 2048K, 17 young (34816K), 2 survivors (4096K)
 Metaspace       used 79884K, committed 80512K, reserved 1122304K
  class space    used 10707K, committed 11008K, reserved 1048576K
}
Event: 43.637 GC heap after
{Heap after GC invocations=41 (full 0):
 garbage-first heap   total 122880K, used 66470K [0x0000000700000000, 0x0000000800000000)
  region size 2048K, 2 young (4096K), 2 survivors (4096K)
 Metaspace       used 79884K, committed 80512K, reserved 1122304K
  class space    used 10707K, committed 11008K, reserved 1048576K
}
Event: 45.109 GC heap before
{Heap before GC invocations=41 (full 0):
 garbage-first heap   total 122880K, used 99238K [0x0000000700000000, 0x0000000800000000)
  region size 2048K, 18 young (36864K), 2 survivors (4096K)
 Metaspace       used 80777K, committed 81408K, reserved 1122304K
  class space    used 10846K, committed 11136K, reserved 1048576K
}
Event: 45.121 GC heap after
{Heap after GC invocations=42 (full 0):
 garbage-first heap   total 122880K, used 69701K [0x0000000700000000, 0x0000000800000000)
  region size 2048K, 3 young (6144K), 3 survivors (6144K)
 Metaspace       used 80777K, committed 81408K, reserved 1122304K
  class space    used 10846K, committed 11136K, reserved 1048576K
}
Event: 45.906 GC heap before
{Heap before GC invocations=43 (full 0):
 garbage-first heap   total 131072K, used 96325K [0x0000000700000000, 0x0000000800000000)
  region size 2048K, 16 young (32768K), 3 survivors (6144K)
 Metaspace       used 80938K, committed 81536K, reserved 1122304K
  class space    used 10871K, committed 11136K, reserved 1048576K
}
Event: 45.918 GC heap after
{Heap after GC invocations=44 (full 0):
 garbage-first heap   total 131072K, used 70954K [0x0000000700000000, 0x0000000800000000)
  region size 2048K, 1 young (2048K), 1 survivors (2048K)
 Metaspace       used 80938K, committed 81536K, reserved 1122304K
  class space    used 10871K, committed 11136K, reserved 1048576K
}
Event: 47.171 GC heap before
{Heap before GC invocations=44 (full 0):
 garbage-first heap   total 131072K, used 103722K [0x0000000700000000, 0x0000000800000000)
  region size 2048K, 17 young (34816K), 1 survivors (2048K)
 Metaspace       used 81177K, committed 81856K, reserved 1122304K
  class space    used 10908K, committed 11200K, reserved 1048576K
}
Event: 47.177 GC heap after
{Heap after GC invocations=45 (full 0):
 garbage-first heap   total 131072K, used 72724K [0x0000000700000000, 0x0000000800000000)
  region size 2048K, 2 young (4096K), 2 survivors (4096K)
 Metaspace       used 81177K, committed 81856K, reserved 1122304K
  class space    used 10908K, committed 11200K, reserved 1048576K
}
Event: 49.114 GC heap before
{Heap before GC invocations=46 (full 0):
 garbage-first heap   total 131072K, used 105492K [0x0000000700000000, 0x0000000800000000)
  region size 2048K, 18 young (36864K), 2 survivors (4096K)
 Metaspace       used 83968K, committed 84608K, reserved 1122304K
  class space    used 11312K, committed 11584K, reserved 1048576K
}
Event: 49.126 GC heap after
{Heap after GC invocations=47 (full 0):
 garbage-first heap   total 131072K, used 75079K [0x0000000700000000, 0x0000000800000000)
  region size 2048K, 3 young (6144K), 3 survivors (6144K)
 Metaspace       used 83968K, committed 84608K, reserved 1122304K
  class space    used 11312K, committed 11584K, reserved 1048576K
}
Event: 50.986 GC heap before
{Heap before GC invocations=47 (full 0):
 garbage-first heap   total 131072K, used 105799K [0x0000000700000000, 0x0000000800000000)
  region size 2048K, 18 young (36864K), 3 survivors (6144K)
 Metaspace       used 87283K, committed 87936K, reserved 1130496K
  class space    used 11922K, committed 12224K, reserved 1048576K
}
Event: 50.998 GC heap after
{Heap after GC invocations=48 (full 0):
 garbage-first heap   total 131072K, used 77253K [0x0000000700000000, 0x0000000800000000)
  region size 2048K, 3 young (6144K), 3 survivors (6144K)
 Metaspace       used 87283K, committed 87936K, reserved 1130496K
  class space    used 11922K, committed 12224K, reserved 1048576K
}
Event: 52.809 GC heap before
{Heap before GC invocations=49 (full 0):
 garbage-first heap   total 137216K, used 105925K [0x0000000700000000, 0x0000000800000000)
  region size 2048K, 17 young (34816K), 3 survivors (6144K)
 Metaspace       used 88459K, committed 89152K, reserved 1130496K
  class space    used 12088K, committed 12416K, reserved 1048576K
}
Event: 52.821 GC heap after
{Heap after GC invocations=50 (full 0):
 garbage-first heap   total 137216K, used 80839K [0x0000000700000000, 0x0000000800000000)
  region size 2048K, 3 young (6144K), 3 survivors (6144K)
 Metaspace       used 88459K, committed 89152K, reserved 1130496K
  class space    used 12088K, committed 12416K, reserved 1048576K
}

