# JRE version: OpenJDK Runtime Environment (17.0.6) (build 17.0.6+0-b2043.56-10027231)
# Java VM: OpenJDK 64-Bit Server VM (17.0.6+0-b2043.56-10027231, mixed mode, tiered, compressed oops, compressed class ptrs, g1 gc, windows-amd64)
GC Precious Log:
 CPUs: 4 total, 4 available
 Memory: 8077M
 Large Page Support: Disabled
 NUMA Support: Disabled
 Compressed Oops: Enabled (Zero based)
 Heap Region Size: 2M
 Heap Min Capacity: 8M
 Heap Initial Capacity: 128M
 Heap Max Capacity: 4G
 Pre-touch: Disabled
 Parallel Workers: 4
 Concurrent Workers: 1
 Concurrent Refinement Workers: 4
 Periodic GC: Disabled
Heap:
 garbage-first heap   total 602112K, used 259985K [0x0000000700000000, 0x0000000800000000)
  region size 2048K, 60 young (122880K), 1 survivors (2048K)
 Metaspace       used 152165K, committed 153280K, reserved 1187840K
  class space    used 20300K, committed 20800K, reserved 1048576K
GC Heap History (20 events):
Event: 290.087 GC heap before
{Heap before GC invocations=73 (full 0):
 garbage-first heap   total 356352K, used 282181K [0x0000000700000000, 0x0000000800000000)
  region size 2048K, 66 young (135168K), 11 survivors (22528K)
 Metaspace       used 127095K, committed 128000K, reserved 1163264K
  class space    used 16939K, committed 17344K, reserved 1048576K
}
Event: 290.144 GC heap after
{Heap after GC invocations=74 (full 0):
 garbage-first heap   total 356352K, used 173501K [0x0000000700000000, 0x0000000800000000)
  region size 2048K, 3 young (6144K), 3 survivors (6144K)
 Metaspace       used 127095K, committed 128000K, reserved 1163264K
  class space    used 16939K, committed 17344K, reserved 1048576K
}
Event: 296.025 GC heap before
{Heap before GC invocations=75 (full 0):
 garbage-first heap   total 356352K, used 294333K [0x0000000700000000, 0x0000000800000000)
  region size 2048K, 58 young (118784K), 3 survivors (6144K)
 Metaspace       used 129520K, committed 130368K, reserved 1163264K
  class space    used 17265K, committed 17664K, reserved 1048576K
}
Event: 296.050 GC heap after
{Heap after GC invocations=76 (full 0):
 garbage-first heap   total 356352K, used 185185K [0x0000000700000000, 0x0000000800000000)
  region size 2048K, 8 young (16384K), 8 survivors (16384K)
 Metaspace       used 129520K, committed 130368K, reserved 1163264K
  class space    used 17265K, committed 17664K, reserved 1048576K
}
Event: 296.265 GC heap before
{Heap before GC invocations=76 (full 0):
 garbage-first heap   total 356352K, used 187233K [0x0000000700000000, 0x0000000800000000)
  region size 2048K, 9 young (18432K), 8 survivors (16384K)
 Metaspace       used 129555K, committed 130432K, reserved 1163264K
  class space    used 17271K, committed 17664K, reserved 1048576K
}
Event: 296.289 GC heap after
{Heap after GC invocations=77 (full 0):
 garbage-first heap   total 356352K, used 184207K [0x0000000700000000, 0x0000000800000000)
  region size 2048K, 1 young (2048K), 1 survivors (2048K)
 Metaspace       used 129555K, committed 130432K, reserved 1163264K
  class space    used 17271K, committed 17664K, reserved 1048576K
}
Event: 329.318 GC heap before
{Heap before GC invocations=77 (full 0):
 garbage-first heap   total 356352K, used 286607K [0x0000000700000000, 0x0000000800000000)
  region size 2048K, 50 young (102400K), 1 survivors (2048K)
 Metaspace       used 140185K, committed 141184K, reserved 1171456K
  class space    used 18700K, committed 19200K, reserved 1048576K
}
Event: 329.333 GC heap after
{Heap after GC invocations=78 (full 0):
 garbage-first heap   total 356352K, used 193292K [0x0000000700000000, 0x0000000800000000)
  region size 2048K, 4 young (8192K), 4 survivors (8192K)
 Metaspace       used 140185K, committed 141184K, reserved 1171456K
  class space    used 18700K, committed 19200K, reserved 1048576K
}
Event: 331.165 GC heap before
{Heap before GC invocations=78 (full 0):
 garbage-first heap   total 356352K, used 271116K [0x0000000700000000, 0x0000000800000000)
  region size 2048K, 35 young (71680K), 4 survivors (8192K)
 Metaspace       used 144357K, committed 145344K, reserved 1179648K
  class space    used 19310K, committed 19776K, reserved 1048576K
}
Event: 331.182 GC heap after
{Heap after GC invocations=79 (full 0):
 garbage-first heap   total 356352K, used 210433K [0x0000000700000000, 0x0000000800000000)
  region size 2048K, 5 young (10240K), 5 survivors (10240K)
 Metaspace       used 144357K, committed 145344K, reserved 1179648K
  class space    used 19310K, committed 19776K, reserved 1048576K
}
Event: 334.728 GC heap before
{Heap before GC invocations=79 (full 0):
 garbage-first heap   total 356352K, used 298497K [0x0000000700000000, 0x0000000800000000)
  region size 2048K, 45 young (92160K), 5 survivors (10240K)
 Metaspace       used 144454K, committed 145536K, reserved 1179648K
  class space    used 19325K, committed 19840K, reserved 1048576K
}
Event: 334.826 GC heap after
{Heap after GC invocations=80 (full 0):
 garbage-first heap   total 356352K, used 226016K [0x0000000700000000, 0x0000000800000000)
  region size 2048K, 6 young (12288K), 6 survivors (12288K)
 Metaspace       used 144454K, committed 145536K, reserved 1179648K
  class space    used 19325K, committed 19840K, reserved 1048576K
}
Event: 337.361 GC heap before
{Heap before GC invocations=80 (full 0):
 garbage-first heap   total 356352K, used 281312K [0x0000000700000000, 0x0000000800000000)
  region size 2048K, 34 young (69632K), 6 survivors (12288K)
 Metaspace       used 144471K, committed 145536K, reserved 1179648K
  class space    used 19325K, committed 19840K, reserved 1048576K
}
Event: 337.421 GC heap after
{Heap after GC invocations=81 (full 0):
 garbage-first heap   total 509952K, used 238820K [0x0000000700000000, 0x0000000800000000)
  region size 2048K, 5 young (10240K), 5 survivors (10240K)
 Metaspace       used 144471K, committed 145536K, reserved 1179648K
  class space    used 19325K, committed 19840K, reserved 1048576K
}
Event: 340.667 GC heap before
{Heap before GC invocations=81 (full 0):
 garbage-first heap   total 509952K, used 365796K [0x0000000700000000, 0x0000000800000000)
  region size 2048K, 35 young (71680K), 5 survivors (10240K)
 Metaspace       used 145829K, committed 146880K, reserved 1179648K
  class space    used 19492K, committed 19968K, reserved 1048576K
}
Event: 340.684 GC heap after
{Heap after GC invocations=82 (full 0):
 garbage-first heap   total 509952K, used 284486K [0x0000000700000000, 0x0000000800000000)
  region size 2048K, 2 young (4096K), 2 survivors (4096K)
 Metaspace       used 145829K, committed 146880K, reserved 1179648K
  class space    used 19492K, committed 19968K, reserved 1048576K
}
Event: 369.274 GC heap before
{Heap before GC invocations=83 (full 0):
 garbage-first heap   total 602112K, used 589638K [0x0000000700000000, 0x0000000800000000)
  region size 2048K, 12 young (24576K), 2 survivors (4096K)
 Metaspace       used 146140K, committed 147200K, reserved 1179648K
  class space    used 19540K, committed 20032K, reserved 1048576K
}
Event: 369.282 GC heap after
{Heap after GC invocations=84 (full 0):
 garbage-first heap   total 602112K, used 313465K [0x0000000700000000, 0x0000000800000000)
  region size 2048K, 1 young (2048K), 1 survivors (2048K)
 Metaspace       used 146140K, committed 147200K, reserved 1179648K
  class space    used 19540K, committed 20032K, reserved 1048576K
}
Event: 666.444 GC heap before
{Heap before GC invocations=84 (full 0):
 garbage-first heap   total 602112K, used 458873K [0x0000000700000000, 0x0000000800000000)
  region size 2048K, 14 young (28672K), 1 survivors (2048K)
 Metaspace       used 146583K, committed 147648K, reserved 1179648K
  class space    used 19601K, committed 20096K, reserved 1048576K
}
Event: 666.455 GC heap after
{Heap after GC invocations=85 (full 0):
 garbage-first heap   total 602112K, used 143249K [0x0000000700000000, 0x0000000800000000)
  region size 2048K, 1 young (2048K), 1 survivors (2048K)
 Metaspace       used 146583K, committed 147648K, reserved 1179648K
  class space    used 19601K, committed 20096K, reserved 1048576K
}

